<html>
<body>
<pre>
<h1>µVision Build Log</h1>
<h2>Tool Versions:</h2>
IDE-Version: ¦ÌVision V5.32.0.0
Copyright (C) 2020 ARM Ltd and ARM Germany GmbH. All rights reserved.
License Information: lv xuehui, xuehui, LIC=IC93N-Y09JB-17SRR-KFM0T-B1KVP-91PZQ
 
Tool Versions:
Toolchain:       MDK-ARM Professional  Version: 5.32.0.0
Toolchain Path:  D:\Keil_v5\ARM\ARMCC\Bin
C Compiler:      Armcc.exe V5.06 update 7 (build 960)
Assembler:       Armasm.exe V5.06 update 7 (build 960)
Linker/Locator:  ArmLink.exe V5.06 update 7 (build 960)
Library Manager: ArmAr.exe V5.06 update 7 (build 960)
Hex Converter:   FromElf.exe V5.06 update 7 (build 960)
CPU DLL:         SARMCM3.DLL V5.32.0.0
Dialog DLL:      DCM.DLL V1.17.3.0
Target DLL:      STLink\ST-LINKIII-KEIL_SWO.dll V3.0.8.0
Dialog DLL:      TCM.DLL V1.46.0.0
 
<h2>Project:</h2>
D:\QIQI\Missile-System-24\Missile-System-24\MDK-ARM\standard_robot.uvprojx
Project File Date:  11/11/2023

<h2>Output:</h2>
*** Using Compiler 'V5.06 update 7 (build 960)', folder: 'D:\Keil_v5\ARM\ARMCC\Bin'
Build target 'standard_robot'
assembling startup_stm32f407xx.s...
compiling crc.c...
compiling rng.c...
compiling i2c.c...
compiling dma.c...
compiling usart.c...
compiling can.c...
compiling rtc.c...
compiling adc.c...
compiling gpio.c...
compiling spi.c...
compiling tim.c...
compiling main.c...
compiling freertos.c...
compiling stm32f4xx_hal_msp.c...
compiling stm32f4xx_hal_pcd_ex.c...
compiling usbd_desc.c...
compiling usbd_cdc_if.c...
compiling stm32f4xx_hal_adc_ex.c...
compiling stm32f4xx_hal_crc.c...
compiling usbd_conf.c...
compiling stm32f4xx_hal_pcd.c...
compiling usb_device.c...
compiling stm32f4xx_hal_can.c...
compiling stm32f4xx_it.c...
compiling stm32f4xx_hal_adc.c...
compiling stm32f4xx_ll_usb.c...
compiling stm32f4xx_hal_i2c_ex.c...
compiling stm32f4xx_hal_rng.c...
compiling stm32f4xx_hal_tim_ex.c...
compiling stm32f4xx_hal_rtc.c...
compiling stm32f4xx_hal_flash_ex.c...
compiling stm32f4xx_hal_rtc_ex.c...
compiling stm32f4xx_hal_uart.c...
compiling stm32f4xx_hal_flash.c...
compiling stm32f4xx_hal_rcc_ex.c...
compiling stm32f4xx_hal_spi.c...
compiling stm32f4xx_hal_rcc.c...
compiling stm32f4xx_hal_i2c.c...
compiling croutine.c...
compiling stm32f4xx_hal_tim.c...
compiling list.c...
compiling event_groups.c...
compiling queue.c...
compiling stream_buffer.c...
compiling timers.c...
compiling tasks.c...
compiling heap_4.c...
compiling cmsis_os.c...
compiling port.c...
compiling stm32f4xx_hal_cortex.c...
compiling stm32f4xx_hal_dma.c...
compiling stm32f4xx_hal_flash_ramfunc.c...
compiling stm32f4xx_hal.c...
compiling stm32f4xx_hal_pwr_ex.c...
compiling stm32f4xx_hal_gpio.c...
compiling system_stm32f4xx.c...
compiling stm32f4xx_hal_pwr.c...
compiling stm32f4xx_hal_exti.c...
compiling usbd_ctlreq.c...
compiling usbd_ioreq.c...
compiling stm32f4xx_hal_dma_ex.c...
compiling usbd_core.c...
compiling bsp_buzzer.c...
compiling bsp_can.c...
compiling bsp_led.c...
compiling bsp_delay.c...
compiling bsp_adc.c...
compiling bsp_laser.c...
compiling bsp_rc.c...
compiling bsp_crc32.c...
compiling bsp_rng.c...
compiling bsp_flash.c...
compiling usbd_cdc.c...
compiling bsp_i2c.c...
compiling bsp_imu_pwm.c...
compiling detect_task.c...
..\application\detect_task.c(273): error:  #146: too many initializer values
              {2, 3, 3},      //board gyro
..\application\detect_task.c: 0 warnings, 1 error
compiling bsp_servo_pwm.c...
compiling referee.c...
compiling remote_control.c...
compiling CAN_receive.c...
compiling bsp_usart.c...
compiling chassis_task.c...
..\application\chassis_task.c(109): error:  #20: identifier "CHASSIS_MOTOR1_TOE" is undefined
      while (toe_is_error(CHASSIS_MOTOR1_TOE) || toe_is_error(CHASSIS_MOTOR2_TOE) || toe_is_error(CHASSIS_MOTOR3_TOE) || toe_is_error(CHASSIS_MOTOR4_TOE) || toe_is_error(DBUS_TOE))
..\application\chassis_task.c(109): error:  #20: identifier "CHASSIS_MOTOR2_TOE" is undefined
      while (toe_is_error(CHASSIS_MOTOR1_TOE) || toe_is_error(CHASSIS_MOTOR2_TOE) || toe_is_error(CHASSIS_MOTOR3_TOE) || toe_is_error(CHASSIS_MOTOR4_TOE) || toe_is_error(DBUS_TOE))
..\application\chassis_task.c(109): error:  #20: identifier "CHASSIS_MOTOR3_TOE" is undefined
      while (toe_is_error(CHASSIS_MOTOR1_TOE) || toe_is_error(CHASSIS_MOTOR2_TOE) || toe_is_error(CHASSIS_MOTOR3_TOE) || toe_is_error(CHASSIS_MOTOR4_TOE) || toe_is_error(DBUS_TOE))
..\application\chassis_task.c(109): error:  #20: identifier "CHASSIS_MOTOR4_TOE" is undefined
      while (toe_is_error(CHASSIS_MOTOR1_TOE) || toe_is_error(CHASSIS_MOTOR2_TOE) || toe_is_error(CHASSIS_MOTOR3_TOE) || toe_is_error(CHASSIS_MOTOR4_TOE) || toe_is_error(DBUS_TOE))
..\application\chassis_task.c(128): error:  #20: identifier "CHASSIS_MOTOR1_TOE" is undefined
          if (!(toe_is_error(CHASSIS_MOTOR1_TOE) && toe_is_error(CHASSIS_MOTOR2_TOE) && toe_is_error(CHASSIS_MOTOR3_TOE) && toe_is_error(CHASSIS_MOTOR4_TOE)))
..\application\chassis_task.c(128): error:  #20: identifier "CHASSIS_MOTOR2_TOE" is undefined
          if (!(toe_is_error(CHASSIS_MOTOR1_TOE) && toe_is_error(CHASSIS_MOTOR2_TOE) && toe_is_error(CHASSIS_MOTOR3_TOE) && toe_is_error(CHASSIS_MOTOR4_TOE)))
..\application\chassis_task.c(128): error:  #20: identifier "CHASSIS_MOTOR3_TOE" is undefined
          if (!(toe_is_error(CHASSIS_MOTOR1_TOE) && toe_is_error(CHASSIS_MOTOR2_TOE) && toe_is_error(CHASSIS_MOTOR3_TOE) && toe_is_error(CHASSIS_MOTOR4_TOE)))
..\application\chassis_task.c(128): error:  #20: identifier "CHASSIS_MOTOR4_TOE" is undefined
          if (!(toe_is_error(CHASSIS_MOTOR1_TOE) && toe_is_error(CHASSIS_MOTOR2_TOE) && toe_is_error(CHASSIS_MOTOR3_TOE) && toe_is_error(CHASSIS_MOTOR4_TOE)))
..\application\chassis_task.c(133): warning:  #223-D: function "CAN_cmd_chassis" declared implicitly
                  CAN_cmd_chassis(0, 0, 0, 0);
..\application\chassis_task.c(138): warning:  #223-D: function "CAN_cmd_chassis" declared implicitly
                  CAN_cmd_chassis(chassis_move.motor_chassis[0].give_current, chassis_move.motor_chassis[1].give_current,
..\application\chassis_task.c(185): warning:  #223-D: function "get_chassis_motor_measure_point" declared implicitly
          chassis_move_init->motor_chassis[i].chassis_motor_measure = get_chassis_motor_measure_point(i);
..\application\chassis_task.c(185): error:  #513: a value of type "int" cannot be assigned to an entity of type "const motor_measure_t *"
          chassis_move_init->motor_chassis[i].chassis_motor_measure = get_chassis_motor_measure_point(i);
..\application\chassis_task.c: 3 warnings, 9 errors
compiling calibrate_task.c...
compiling gimbal_behaviour.c...
compiling gimbal_task.c...
..\application\gimbal_task.c(169): error:  #20: identifier "YAW_GIMBAL_MOTOR_TOE" is undefined
      while (toe_is_error(YAW_GIMBAL_MOTOR_TOE) || toe_is_error(PITCH_GIMBAL_MOTOR_TOE))
..\application\gimbal_task.c(169): error:  #20: identifier "PITCH_GIMBAL_MOTOR_TOE" is undefined
      while (toe_is_error(YAW_GIMBAL_MOTOR_TOE) || toe_is_error(PITCH_GIMBAL_MOTOR_TOE))
..\application\gimbal_task.c(184): error:  #20: identifier "YAW_GIMBAL_MOTOR_TOE" is undefined
          if (!(toe_is_error(YAW_GIMBAL_MOTOR_TOE) && toe_is_error(PITCH_GIMBAL_MOTOR_TOE)))
..\application\gimbal_task.c(184): error:  #20: identifier "PITCH_GIMBAL_MOTOR_TOE" is undefined
          if (!(toe_is_error(YAW_GIMBAL_MOTOR_TOE) && toe_is_error(PITCH_GIMBAL_MOTOR_TOE)))
..\application\gimbal_task.c(188): warning:  #223-D: function "CAN_cmd_gimbal" declared implicitly
                  CAN_cmd_gimbal(0, 0, 0, 0);
..\application\gimbal_task.c(192): warning:  #223-D: function "CAN_cmd_gimbal" declared implicitly
                  CAN_cmd_gimbal(gimbal_control.gimbal_yaw_motor.given_current, gimbal_control.gimbal_pitch_motor.given_current, 0, 0);
..\application\gimbal_task.c(328): warning:  #223-D: function "get_yaw_gimbal_motor_measure_point" declared implicitly
      init->gimbal_yaw_motor.gimbal_motor_measure = get_yaw_gimbal_motor_measure_point();
..\application\gimbal_task.c(328): error:  #513: a value of type "int" cannot be assigned to an entity of type "const motor_measure_t *"
      init->gimbal_yaw_motor.gimbal_motor_measure = get_yaw_gimbal_motor_measure_point();
..\application\gimbal_task.c(329): warning:  #223-D: function "get_pitch_gimbal_motor_measure_point" declared implicitly
      init->gimbal_pitch_motor.gimbal_motor_measure = get_pitch_gimbal_motor_measure_point();
..\application\gimbal_task.c(329): error:  #513: a value of type "int" cannot be assigned to an entity of type "const motor_measure_t *"
      init->gimbal_pitch_motor.gimbal_motor_measure = get_pitch_gimbal_motor_measure_point();
..\application\gimbal_task.c: 4 warnings, 6 errors
compiling voltage_task.c...
compiling bsp_spi.c...
compiling chassis_behaviour.c...
compiling INS_task.c...
compiling ist8310driver.c...
compiling user_lib.c...
compiling mem_mang4.c...
compiling fifo.c...
compiling BMI088driver.c...
compiling CRC8_CRC16.c...
compiling AHRS_middleware.c...
compiling OLED.c...
compiling RM_Cilent_UI.c...
compiling usb_task.c...
..\application\usb_task.c(66): error:  #20: identifier "CHASSIS_MOTOR1_TOE" is undefined
              status[error_list_usb_local[CHASSIS_MOTOR1_TOE].error_exist],
..\application\usb_task.c(67): error:  #20: identifier "CHASSIS_MOTOR2_TOE" is undefined
              status[error_list_usb_local[CHASSIS_MOTOR2_TOE].error_exist],
..\application\usb_task.c(68): error:  #20: identifier "CHASSIS_MOTOR3_TOE" is undefined
              status[error_list_usb_local[CHASSIS_MOTOR3_TOE].error_exist],
..\application\usb_task.c(69): error:  #20: identifier "CHASSIS_MOTOR4_TOE" is undefined
              status[error_list_usb_local[CHASSIS_MOTOR4_TOE].error_exist],
..\application\usb_task.c(70): error:  #20: identifier "YAW_GIMBAL_MOTOR_TOE" is undefined
              status[error_list_usb_local[YAW_GIMBAL_MOTOR_TOE].error_exist],
..\application\usb_task.c(71): error:  #20: identifier "PITCH_GIMBAL_MOTOR_TOE" is undefined
              status[error_list_usb_local[PITCH_GIMBAL_MOTOR_TOE].error_exist],
..\application\usb_task.c(72): error:  #20: identifier "TRIGGER_MOTOR_TOE" is undefined
              status[error_list_usb_local[TRIGGER_MOTOR_TOE].error_exist],
..\application\usb_task.c: 0 warnings, 7 errors
compiling vision.c...
compiling led_flow_task.c...
compiling ist8310driver_middleware.c...
compiling BMI088Middleware.c...
compiling referee_usart_task.c...
compiling pid.c...
compiling stm32.c...
"standard_tpye_c\standard_tpye_c.axf" - 23 Error(s), 7 Warning(s).

<h2>Software Packages used:</h2>

Package Vendor: ARM
                http://www.keil.com/pack/ARM.CMSIS.5.7.0.pack
                ARM.CMSIS.5.7.0
                CMSIS (Cortex Microcontroller Software Interface Standard)
   * Component: CORE Version: 5.4.0

Package Vendor: Keil
                http://www.keil.com/pack/Keil.STM32F4xx_DFP.2.16.0.pack
                Keil.STM32F4xx_DFP.2.16.0
                STMicroelectronics STM32F4 Series Device Support, Drivers and Examples

<h2>Collection of Component include folders:</h2>
  .\RTE\_standard_robot
  D:\Keil_v5\ARM\PARK\ARM\CMSIS\5.7.0\CMSIS\Core\Include
  D:\Keil_v5\ARM\PARK\Keil\STM32F4xx_DFP\2.16.0\Drivers\CMSIS\Device\ST\STM32F4xx\Include

<h2>Collection of Component Files used:</h2>

   * Component: ARM::CMSIS:CORE:5.4.0
Target not created.
Build Time Elapsed:  00:00:32
</pre>
</body>
</html>
